[2025-10-02 14:54:31] [31merror[39m: Error: fail
    at Object.<anonymous> (/home/ozi-fedora/Documents/kampus/multidisiplin/template-project/nextjs-template/src/lib/features/auth/presentation/middleware/__tests__/requireAuth.test.ts:36:13)
    at /home/ozi-fedora/Documents/kampus/multidisiplin/template-project/nextjs-template/node_modules/jest-mock/build/index.js:305:39
    at Object.<anonymous> (/home/ozi-fedora/Documents/kampus/multidisiplin/template-project/nextjs-template/node_modules/jest-mock/build/index.js:312:13)
    at Object.mockConstructor [as verify] (/home/ozi-fedora/Documents/kampus/multidisiplin/template-project/nextjs-template/node_modules/jest-mock/build/index.js:102:19)
    at verify (/home/ozi-fedora/Documents/kampus/multidisiplin/template-project/nextjs-template/src/lib/features/auth/presentation/middleware/AuthMiddleware.ts:13:25)
    at Object.<anonymous> (/home/ozi-fedora/Documents/kampus/multidisiplin/template-project/nextjs-template/src/lib/features/auth/presentation/middleware/__tests__/requireAuth.test.ts:41:37)
    at Promise.finally.completed (/home/ozi-fedora/Documents/kampus/multidisiplin/template-project/nextjs-template/node_modules/jest-circus/build/jestAdapterInit.js:1557:28)
    at new Promise (<anonymous>)
    at callAsyncCircusFn (/home/ozi-fedora/Documents/kampus/multidisiplin/template-project/nextjs-template/node_modules/jest-circus/build/jestAdapterInit.js:1497:10)
    at _callCircusTest (/home/ozi-fedora/Documents/kampus/multidisiplin/template-project/nextjs-template/node_modules/jest-circus/build/jestAdapterInit.js:1007:40)
    at processTicksAndRejections (node:internal/process/task_queues:105:5)
    at _runTest (/home/ozi-fedora/Documents/kampus/multidisiplin/template-project/nextjs-template/node_modules/jest-circus/build/jestAdapterInit.js:947:3)
    at /home/ozi-fedora/Documents/kampus/multidisiplin/template-project/nextjs-template/node_modules/jest-circus/build/jestAdapterInit.js:849:7
    at _runTestsForDescribeBlock (/home/ozi-fedora/Documents/kampus/multidisiplin/template-project/nextjs-template/node_modules/jest-circus/build/jestAdapterInit.js:862:11)
    at _runTestsForDescribeBlock (/home/ozi-fedora/Documents/kampus/multidisiplin/template-project/nextjs-template/node_modules/jest-circus/build/jestAdapterInit.js:857:11)
    at run (/home/ozi-fedora/Documents/kampus/multidisiplin/template-project/nextjs-template/node_modules/jest-circus/build/jestAdapterInit.js:761:3)
    at runAndTransformResultsToJestFormat (/home/ozi-fedora/Documents/kampus/multidisiplin/template-project/nextjs-template/node_modules/jest-circus/build/jestAdapterInit.js:1918:21)
    at jestAdapter (/home/ozi-fedora/Documents/kampus/multidisiplin/template-project/nextjs-template/node_modules/jest-circus/build/runner.js:103:25)
    at runTestInternal (/home/ozi-fedora/Documents/kampus/multidisiplin/template-project/nextjs-template/node_modules/jest-runner/build/testWorker.js:275:16)
    at runTest (/home/ozi-fedora/Documents/kampus/multidisiplin/template-project/nextjs-template/node_modules/jest-runner/build/testWorker.js:343:7)
    at Object.worker (/home/ozi-fedora/Documents/kampus/multidisiplin/template-project/nextjs-template/node_modules/jest-runner/build/testWorker.js:497:12)
[2025-10-02 15:17:42] [31merror[39m: Error: fail
    at Object.<anonymous> (/home/ozi-fedora/Documents/kampus/multidisiplin/template-project/nextjs-template/src/lib/features/auth/presentation/middleware/__tests__/requireAuth.test.ts:36:13)
    at /home/ozi-fedora/Documents/kampus/multidisiplin/template-project/nextjs-template/node_modules/jest-mock/build/index.js:305:39
    at Object.<anonymous> (/home/ozi-fedora/Documents/kampus/multidisiplin/template-project/nextjs-template/node_modules/jest-mock/build/index.js:312:13)
    at Object.mockConstructor [as verify] (/home/ozi-fedora/Documents/kampus/multidisiplin/template-project/nextjs-template/node_modules/jest-mock/build/index.js:102:19)
    at verify (/home/ozi-fedora/Documents/kampus/multidisiplin/template-project/nextjs-template/src/lib/features/auth/presentation/middleware/AuthMiddleware.ts:13:25)
    at Object.<anonymous> (/home/ozi-fedora/Documents/kampus/multidisiplin/template-project/nextjs-template/src/lib/features/auth/presentation/middleware/__tests__/requireAuth.test.ts:41:37)
    at Promise.finally.completed (/home/ozi-fedora/Documents/kampus/multidisiplin/template-project/nextjs-template/node_modules/jest-circus/build/jestAdapterInit.js:1557:28)
    at new Promise (<anonymous>)
    at callAsyncCircusFn (/home/ozi-fedora/Documents/kampus/multidisiplin/template-project/nextjs-template/node_modules/jest-circus/build/jestAdapterInit.js:1497:10)
    at _callCircusTest (/home/ozi-fedora/Documents/kampus/multidisiplin/template-project/nextjs-template/node_modules/jest-circus/build/jestAdapterInit.js:1007:40)
    at processTicksAndRejections (node:internal/process/task_queues:105:5)
    at _runTest (/home/ozi-fedora/Documents/kampus/multidisiplin/template-project/nextjs-template/node_modules/jest-circus/build/jestAdapterInit.js:947:3)
    at /home/ozi-fedora/Documents/kampus/multidisiplin/template-project/nextjs-template/node_modules/jest-circus/build/jestAdapterInit.js:849:7
    at _runTestsForDescribeBlock (/home/ozi-fedora/Documents/kampus/multidisiplin/template-project/nextjs-template/node_modules/jest-circus/build/jestAdapterInit.js:862:11)
    at _runTestsForDescribeBlock (/home/ozi-fedora/Documents/kampus/multidisiplin/template-project/nextjs-template/node_modules/jest-circus/build/jestAdapterInit.js:857:11)
    at run (/home/ozi-fedora/Documents/kampus/multidisiplin/template-project/nextjs-template/node_modules/jest-circus/build/jestAdapterInit.js:761:3)
    at runAndTransformResultsToJestFormat (/home/ozi-fedora/Documents/kampus/multidisiplin/template-project/nextjs-template/node_modules/jest-circus/build/jestAdapterInit.js:1918:21)
    at jestAdapter (/home/ozi-fedora/Documents/kampus/multidisiplin/template-project/nextjs-template/node_modules/jest-circus/build/runner.js:103:25)
    at runTestInternal (/home/ozi-fedora/Documents/kampus/multidisiplin/template-project/nextjs-template/node_modules/jest-runner/build/testWorker.js:275:16)
    at runTest (/home/ozi-fedora/Documents/kampus/multidisiplin/template-project/nextjs-template/node_modules/jest-runner/build/testWorker.js:343:7)
    at Object.worker (/home/ozi-fedora/Documents/kampus/multidisiplin/template-project/nextjs-template/node_modules/jest-runner/build/testWorker.js:497:12)
[2025-10-02 15:17:45] [32minfo[39m: [32m[Prisma Info] Starting a postgresql pool with 9 connections.[39m
[2025-10-02 15:17:48] [32minfo[39m: [32m[Prisma Info] Starting a postgresql pool with 9 connections.[39m
[2025-10-02 15:17:50] [32minfo[39m: [32m[Prisma Info] Starting a postgresql pool with 9 connections.[39m
[2025-10-02 15:17:52] [32minfo[39m: [32m[Prisma Info] Starting a postgresql pool with 9 connections.[39m
[2025-10-02 15:18:33] [31merror[39m: Error: fail
    at Object.<anonymous> (/home/ozi-fedora/Documents/kampus/multidisiplin/template-project/nextjs-template/src/lib/features/auth/presentation/middleware/__tests__/requireAuth.test.ts:36:13)
    at /home/ozi-fedora/Documents/kampus/multidisiplin/template-project/nextjs-template/node_modules/jest-mock/build/index.js:305:39
    at Object.<anonymous> (/home/ozi-fedora/Documents/kampus/multidisiplin/template-project/nextjs-template/node_modules/jest-mock/build/index.js:312:13)
    at Object.mockConstructor [as verify] (/home/ozi-fedora/Documents/kampus/multidisiplin/template-project/nextjs-template/node_modules/jest-mock/build/index.js:102:19)
    at verify (/home/ozi-fedora/Documents/kampus/multidisiplin/template-project/nextjs-template/src/lib/features/auth/presentation/middleware/AuthMiddleware.ts:13:25)
    at Object.<anonymous> (/home/ozi-fedora/Documents/kampus/multidisiplin/template-project/nextjs-template/src/lib/features/auth/presentation/middleware/__tests__/requireAuth.test.ts:41:37)
    at Promise.finally.completed (/home/ozi-fedora/Documents/kampus/multidisiplin/template-project/nextjs-template/node_modules/jest-circus/build/jestAdapterInit.js:1557:28)
    at new Promise (<anonymous>)
    at callAsyncCircusFn (/home/ozi-fedora/Documents/kampus/multidisiplin/template-project/nextjs-template/node_modules/jest-circus/build/jestAdapterInit.js:1497:10)
    at _callCircusTest (/home/ozi-fedora/Documents/kampus/multidisiplin/template-project/nextjs-template/node_modules/jest-circus/build/jestAdapterInit.js:1007:40)
    at processTicksAndRejections (node:internal/process/task_queues:105:5)
    at _runTest (/home/ozi-fedora/Documents/kampus/multidisiplin/template-project/nextjs-template/node_modules/jest-circus/build/jestAdapterInit.js:947:3)
    at /home/ozi-fedora/Documents/kampus/multidisiplin/template-project/nextjs-template/node_modules/jest-circus/build/jestAdapterInit.js:849:7
    at _runTestsForDescribeBlock (/home/ozi-fedora/Documents/kampus/multidisiplin/template-project/nextjs-template/node_modules/jest-circus/build/jestAdapterInit.js:862:11)
    at _runTestsForDescribeBlock (/home/ozi-fedora/Documents/kampus/multidisiplin/template-project/nextjs-template/node_modules/jest-circus/build/jestAdapterInit.js:857:11)
    at run (/home/ozi-fedora/Documents/kampus/multidisiplin/template-project/nextjs-template/node_modules/jest-circus/build/jestAdapterInit.js:761:3)
    at runAndTransformResultsToJestFormat (/home/ozi-fedora/Documents/kampus/multidisiplin/template-project/nextjs-template/node_modules/jest-circus/build/jestAdapterInit.js:1918:21)
    at jestAdapter (/home/ozi-fedora/Documents/kampus/multidisiplin/template-project/nextjs-template/node_modules/jest-circus/build/runner.js:103:25)
    at runTestInternal (/home/ozi-fedora/Documents/kampus/multidisiplin/template-project/nextjs-template/node_modules/jest-runner/build/testWorker.js:275:16)
    at runTest (/home/ozi-fedora/Documents/kampus/multidisiplin/template-project/nextjs-template/node_modules/jest-runner/build/testWorker.js:343:7)
    at Object.worker (/home/ozi-fedora/Documents/kampus/multidisiplin/template-project/nextjs-template/node_modules/jest-runner/build/testWorker.js:497:12)
[2025-10-02 15:18:33] [32minfo[39m: [32m[Prisma Info] Starting a postgresql pool with 9 connections.[39m
[2025-10-02 15:18:36] [32minfo[39m: [32m[Prisma Info] Starting a postgresql pool with 9 connections.[39m
[2025-10-02 15:18:38] [32minfo[39m: [32m[Prisma Info] Starting a postgresql pool with 9 connections.[39m
[2025-10-02 15:18:40] [32minfo[39m: [32m[Prisma Info] Starting a postgresql pool with 9 connections.[39m
[2025-10-02 15:26:07] [32minfo[39m: [32m[Prisma Info] Starting a postgresql pool with 9 connections.[39m
[2025-10-02 15:28:01] [32minfo[39m: [32m[Prisma Info] Starting a postgresql pool with 9 connections.[39m
[2025-10-02 15:28:01] [34mdebug[39m: [34mQuery: DELETE FROM "public"."Session" WHERE 1=1 | Params: [] | Duration: 0ms[39m
[2025-10-02 15:28:01] [34mdebug[39m: [34mQuery: DELETE FROM "public"."User" WHERE 1=1 | Params: [] | Duration: 0ms[39m
[2025-10-02 15:28:01] [34mdebug[39m: [34mQuery: SELECT "public"."User"."id", "public"."User"."email", "public"."User"."passwordHash", "public"."User"."name", "public"."User"."role"::text, "public"."User"."createdAt", "public"."User"."updatedAt" FROM "public"."User" WHERE ("public"."User"."email" = $1 AND 1=1) LIMIT $2 OFFSET $3 | Params: ["test@example.com",1,0] | Duration: 0ms[39m
[2025-10-02 15:28:01] [34mdebug[39m: [34mQuery: INSERT INTO "public"."User" ("id","email","passwordHash","role","createdAt","updatedAt") VALUES ($1,$2,$3,CAST($4::text AS "public"."UserRole"),$5,$6) RETURNING "public"."User"."id", "public"."User"."email", "public"."User"."passwordHash", "public"."User"."name", "public"."User"."role"::text, "public"."User"."createdAt", "public"."User"."updatedAt" | Params: ["cmg95kkpw0000iji8rmrd4orc","test@example.com","$2b$10$JcmEiOc87/K8uPea2Hcmf.u6BAUf.MYeTyKXy29t1UbXODd26ua2S","USER","2025-10-02 08:28:01.124 UTC","2025-10-02 08:28:01.124 UTC"] | Duration: 42ms[39m
[2025-10-02 15:28:01] [34mdebug[39m: [34mQuery: SELECT "public"."User"."id", "public"."User"."email", "public"."User"."passwordHash", "public"."User"."name", "public"."User"."role"::text, "public"."User"."createdAt", "public"."User"."updatedAt" FROM "public"."User" WHERE ("public"."User"."email" = $1 AND 1=1) LIMIT $2 OFFSET $3 | Params: ["test@example.com",1,0] | Duration: 0ms[39m
[2025-10-02 15:28:01] [34mdebug[39m: [34mQuery: INSERT INTO "public"."Session" ("id","userId","refreshToken","expiresAt","createdAt") VALUES ($1,$2,$3,$4,$5) RETURNING "public"."Session"."id", "public"."Session"."userId", "public"."Session"."refreshToken", "public"."Session"."expiresAt", "public"."Session"."createdAt" | Params: ["cmg95kktg0002iji8nxizsrrr","cmg95kkpw0000iji8rmrd4orc","eyJhbGciOiJIUzI1NiIsInR5cCI6IkpXVCJ9.eyJzZXNzaW9uIjp0cnVlLCJ1c2VySWQiOiJjbWc5NWtrcHcwMDAwaWppOHJtcmQ0b3JjIiwiaWF0IjoxNzU5MzkzNjgxLCJleHAiOjE3NTk5OTg0ODF9.NURxltgoOTJkHvEM25ObZRpnHWnCqAlj5T16s5GL1uM","2025-10-09 08:28:01.251 UTC","2025-10-02 08:28:01.252 UTC"] | Duration: 1ms[39m
[2025-10-02 15:28:01] [34mdebug[39m: [34mQuery: SELECT "public"."Session"."id", "public"."Session"."userId", "public"."Session"."refreshToken", "public"."Session"."expiresAt", "public"."Session"."createdAt" FROM "public"."Session" WHERE ("public"."Session"."refreshToken" = $1 AND 1=1) LIMIT $2 OFFSET $3 | Params: ["eyJhbGciOiJIUzI1NiIsInR5cCI6IkpXVCJ9.eyJzZXNzaW9uIjp0cnVlLCJ1c2VySWQiOiJjbWc5NWtrcHcwMDAwaWppOHJtcmQ0b3JjIiwiaWF0IjoxNzU5MzkzNjgxLCJleHAiOjE3NTk5OTg0ODF9.NURxltgoOTJkHvEM25ObZRpnHWnCqAlj5T16s5GL1uM",1,0] | Duration: 0ms[39m
[2025-10-02 15:28:01] [34mdebug[39m: [34mQuery: DELETE FROM "public"."Session" WHERE 1=1 | Params: [] | Duration: 0ms[39m
[2025-10-02 15:28:01] [34mdebug[39m: [34mQuery: DELETE FROM "public"."User" WHERE 1=1 | Params: [] | Duration: 0ms[39m
[2025-10-02 15:28:01] [34mdebug[39m: [34mQuery: SELECT "public"."User"."id", "public"."User"."email", "public"."User"."passwordHash", "public"."User"."name", "public"."User"."role"::text, "public"."User"."createdAt", "public"."User"."updatedAt" FROM "public"."User" WHERE ("public"."User"."email" = $1 AND 1=1) LIMIT $2 OFFSET $3 | Params: ["fail@example.com",1,0] | Duration: 0ms[39m
[2025-10-02 15:28:01] [34mdebug[39m: [34mQuery: INSERT INTO "public"."User" ("id","email","passwordHash","role","createdAt","updatedAt") VALUES ($1,$2,$3,CAST($4::text AS "public"."UserRole"),$5,$6) RETURNING "public"."User"."id", "public"."User"."email", "public"."User"."passwordHash", "public"."User"."name", "public"."User"."role"::text, "public"."User"."createdAt", "public"."User"."updatedAt" | Params: ["cmg95kkw20003iji82k0stq9x","fail@example.com","$2b$10$dn12JjDTzcKQ8phQfbe55uU.mwMmR1spIth6JZK6kUJ32evii9RDC","USER","2025-10-02 08:28:01.346 UTC","2025-10-02 08:28:01.346 UTC"] | Duration: 0ms[39m
[2025-10-02 15:28:01] [34mdebug[39m: [34mQuery: SELECT "public"."User"."id", "public"."User"."email", "public"."User"."passwordHash", "public"."User"."name", "public"."User"."role"::text, "public"."User"."createdAt", "public"."User"."updatedAt" FROM "public"."User" WHERE ("public"."User"."email" = $1 AND 1=1) LIMIT $2 OFFSET $3 | Params: ["fail@example.com",1,0] | Duration: 0ms[39m
[2025-10-02 15:32:34] [32minfo[39m: [32m[Prisma Info] Starting a postgresql pool with 9 connections.[39m
[2025-10-02 15:32:34] [34mdebug[39m: [34mQuery: DELETE FROM "public"."Session" WHERE 1=1 | Params: [] | Duration: 0ms[39m
[2025-10-02 15:32:34] [34mdebug[39m: [34mQuery: DELETE FROM "public"."User" WHERE 1=1 | Params: [] | Duration: 2ms[39m
[2025-10-02 15:32:34] [34mdebug[39m: [34mQuery: SELECT "public"."User"."id", "public"."User"."email", "public"."User"."passwordHash", "public"."User"."name", "public"."User"."role"::text, "public"."User"."createdAt", "public"."User"."updatedAt" FROM "public"."User" WHERE ("public"."User"."email" = $1 AND 1=1) LIMIT $2 OFFSET $3 | Params: ["test@example.com",1,0] | Duration: 0ms[39m
[2025-10-02 15:32:34] [34mdebug[39m: [34mQuery: INSERT INTO "public"."User" ("id","email","passwordHash","role","createdAt","updatedAt") VALUES ($1,$2,$3,CAST($4::text AS "public"."UserRole"),$5,$6) RETURNING "public"."User"."id", "public"."User"."email", "public"."User"."passwordHash", "public"."User"."name", "public"."User"."role"::text, "public"."User"."createdAt", "public"."User"."updatedAt" | Params: ["cmg95qfex0000ijtslfkpkdti","test@example.com","$2b$10$Ri93HrFPnR4mr5MDh5KUI.Kf6CZNHbeaW1fN9gzYzRhGOxzHQnynK","USER","2025-10-02 08:32:34.186 UTC","2025-10-02 08:32:34.186 UTC"] | Duration: 1ms[39m
[2025-10-02 15:32:34] [34mdebug[39m: [34mQuery: SELECT "public"."User"."id", "public"."User"."email", "public"."User"."passwordHash", "public"."User"."name", "public"."User"."role"::text, "public"."User"."createdAt", "public"."User"."updatedAt" FROM "public"."User" WHERE ("public"."User"."email" = $1 AND 1=1) LIMIT $2 OFFSET $3 | Params: ["test@example.com",1,0] | Duration: 0ms[39m
[2025-10-02 15:32:34] [34mdebug[39m: [34mQuery: INSERT INTO "public"."Session" ("id","userId","refreshToken","expiresAt","createdAt") VALUES ($1,$2,$3,$4,$5) RETURNING "public"."Session"."id", "public"."Session"."userId", "public"."Session"."refreshToken", "public"."Session"."expiresAt", "public"."Session"."createdAt" | Params: ["cmg95qfh30002ijts4pytfh9h","cmg95qfex0000ijtslfkpkdti","eyJhbGciOiJIUzI1NiIsInR5cCI6IkpXVCJ9.eyJzZXNzaW9uIjp0cnVlLCJ1c2VySWQiOiJjbWc5NXFmZXgwMDAwaWp0c2xma3BrZHRpIiwiaWF0IjoxNzU5MzkzOTU0LCJleHAiOjE3NTk5OTg3NTR9.sD3MflPQGTfJ0FrUgZTBIWp6MLb6hecxLOGTVwtlXvk","2025-10-09 08:32:34.262 UTC","2025-10-02 08:32:34.263 UTC"] | Duration: 1ms[39m
[2025-10-02 15:32:34] [34mdebug[39m: [34mQuery: SELECT "public"."Session"."id", "public"."Session"."userId", "public"."Session"."refreshToken", "public"."Session"."expiresAt", "public"."Session"."createdAt" FROM "public"."Session" WHERE ("public"."Session"."refreshToken" = $1 AND 1=1) LIMIT $2 OFFSET $3 | Params: ["eyJhbGciOiJIUzI1NiIsInR5cCI6IkpXVCJ9.eyJzZXNzaW9uIjp0cnVlLCJ1c2VySWQiOiJjbWc5NXFmZXgwMDAwaWp0c2xma3BrZHRpIiwiaWF0IjoxNzU5MzkzOTU0LCJleHAiOjE3NTk5OTg3NTR9.sD3MflPQGTfJ0FrUgZTBIWp6MLb6hecxLOGTVwtlXvk",1,0] | Duration: 0ms[39m
[2025-10-02 15:32:34] [34mdebug[39m: [34mQuery: DELETE FROM "public"."Session" WHERE 1=1 | Params: [] | Duration: 0ms[39m
[2025-10-02 15:32:34] [34mdebug[39m: [34mQuery: DELETE FROM "public"."User" WHERE 1=1 | Params: [] | Duration: 0ms[39m
[2025-10-02 15:32:34] [34mdebug[39m: [34mQuery: SELECT "public"."User"."id", "public"."User"."email", "public"."User"."passwordHash", "public"."User"."name", "public"."User"."role"::text, "public"."User"."createdAt", "public"."User"."updatedAt" FROM "public"."User" WHERE ("public"."User"."email" = $1 AND 1=1) LIMIT $2 OFFSET $3 | Params: ["fail@example.com",1,0] | Duration: 0ms[39m
[2025-10-02 15:32:34] [34mdebug[39m: [34mQuery: INSERT INTO "public"."User" ("id","email","passwordHash","role","createdAt","updatedAt") VALUES ($1,$2,$3,CAST($4::text AS "public"."UserRole"),$5,$6) RETURNING "public"."User"."id", "public"."User"."email", "public"."User"."passwordHash", "public"."User"."name", "public"."User"."role"::text, "public"."User"."createdAt", "public"."User"."updatedAt" | Params: ["cmg95qfjk0003ijtsj4kylv4l","fail@example.com","$2b$10$eI5CFpoJa9GFOvx2ESit5upsw0OOWOjJsArpVucXYXf6U3QSs4Dru","USER","2025-10-02 08:32:34.353 UTC","2025-10-02 08:32:34.353 UTC"] | Duration: 0ms[39m
[2025-10-02 15:32:34] [34mdebug[39m: [34mQuery: SELECT "public"."User"."id", "public"."User"."email", "public"."User"."passwordHash", "public"."User"."name", "public"."User"."role"::text, "public"."User"."createdAt", "public"."User"."updatedAt" FROM "public"."User" WHERE ("public"."User"."email" = $1 AND 1=1) LIMIT $2 OFFSET $3 | Params: ["fail@example.com",1,0] | Duration: 0ms[39m
[2025-10-02 15:32:34] [34mdebug[39m: [34mQuery: DELETE FROM "public"."Session" WHERE 1=1 | Params: [] | Duration: 0ms[39m
[2025-10-02 15:32:34] [34mdebug[39m: [34mQuery: DELETE FROM "public"."User" WHERE 1=1 | Params: [] | Duration: 0ms[39m
[2025-10-02 15:34:37] [32minfo[39m: [32m[Prisma Info] Starting a postgresql pool with 9 connections.[39m
[2025-10-02 15:34:37] [34mdebug[39m: [34mQuery: DELETE FROM "public"."Session" WHERE 1=1 | Params: [] | Duration: 0ms[39m
[2025-10-02 15:34:37] [34mdebug[39m: [34mQuery: DELETE FROM "public"."User" WHERE 1=1 | Params: [] | Duration: 0ms[39m
[2025-10-02 15:34:37] [34mdebug[39m: [34mQuery: SELECT "public"."User"."id", "public"."User"."email", "public"."User"."passwordHash", "public"."User"."name", "public"."User"."role"::text, "public"."User"."createdAt", "public"."User"."updatedAt" FROM "public"."User" WHERE ("public"."User"."email" = $1 AND 1=1) LIMIT $2 OFFSET $3 | Params: ["test@example.com",1,0] | Duration: 0ms[39m
[2025-10-02 15:34:37] [34mdebug[39m: [34mQuery: INSERT INTO "public"."User" ("id","email","passwordHash","role","createdAt","updatedAt") VALUES ($1,$2,$3,CAST($4::text AS "public"."UserRole"),$5,$6) RETURNING "public"."User"."id", "public"."User"."email", "public"."User"."passwordHash", "public"."User"."name", "public"."User"."role"::text, "public"."User"."createdAt", "public"."User"."updatedAt" | Params: ["cmg95t2lv0000ijd2qdlikpx7","test@example.com","$2b$10$gkfhkd5hvl47/8gOK/OEleZjJhXSzQpqeCZxQRsZp3P892.cqBUyG","USER","2025-10-02 08:34:37.555 UTC","2025-10-02 08:34:37.555 UTC"] | Duration: 2ms[39m
[2025-10-02 15:34:37] [34mdebug[39m: [34mQuery: SELECT "public"."User"."id", "public"."User"."email", "public"."User"."passwordHash", "public"."User"."name", "public"."User"."role"::text, "public"."User"."createdAt", "public"."User"."updatedAt" FROM "public"."User" WHERE ("public"."User"."email" = $1 AND 1=1) LIMIT $2 OFFSET $3 | Params: ["test@example.com",1,0] | Duration: 0ms[39m
[2025-10-02 15:34:37] [34mdebug[39m: [34mQuery: INSERT INTO "public"."Session" ("id","userId","refreshToken","expiresAt","createdAt") VALUES ($1,$2,$3,$4,$5) RETURNING "public"."Session"."id", "public"."Session"."userId", "public"."Session"."refreshToken", "public"."Session"."expiresAt", "public"."Session"."createdAt" | Params: ["cmg95t2o10002ijd20a29erx8","cmg95t2lv0000ijd2qdlikpx7","eyJhbGciOiJIUzI1NiIsInR5cCI6IkpXVCJ9.eyJzZXNzaW9uIjp0cnVlLCJ1c2VySWQiOiJjbWc5NXQybHYwMDAwaWpkMnFkbGlrcHg3IiwiaWF0IjoxNzU5Mzk0MDc3LCJleHAiOjE3NTk5OTg4Nzd9.UwoAoFj9NqyoyHkrjsdePnnhvrO16AgZB45LQmLpgvo","2025-10-09 08:34:37.632 UTC","2025-10-02 08:34:37.634 UTC"] | Duration: 1ms[39m
[2025-10-02 15:34:37] [34mdebug[39m: [34mQuery: SELECT "public"."Session"."id", "public"."Session"."userId", "public"."Session"."refreshToken", "public"."Session"."expiresAt", "public"."Session"."createdAt" FROM "public"."Session" WHERE ("public"."Session"."refreshToken" = $1 AND 1=1) LIMIT $2 OFFSET $3 | Params: ["eyJhbGciOiJIUzI1NiIsInR5cCI6IkpXVCJ9.eyJzZXNzaW9uIjp0cnVlLCJ1c2VySWQiOiJjbWc5NXQybHYwMDAwaWpkMnFkbGlrcHg3IiwiaWF0IjoxNzU5Mzk0MDc3LCJleHAiOjE3NTk5OTg4Nzd9.UwoAoFj9NqyoyHkrjsdePnnhvrO16AgZB45LQmLpgvo",1,0] | Duration: 0ms[39m
[2025-10-02 15:34:37] [34mdebug[39m: [34mQuery: DELETE FROM "public"."Session" WHERE 1=1 | Params: [] | Duration: 0ms[39m
[2025-10-02 15:34:37] [34mdebug[39m: [34mQuery: DELETE FROM "public"."User" WHERE 1=1 | Params: [] | Duration: 0ms[39m
[2025-10-02 15:34:37] [34mdebug[39m: [34mQuery: SELECT "public"."User"."id", "public"."User"."email", "public"."User"."passwordHash", "public"."User"."name", "public"."User"."role"::text, "public"."User"."createdAt", "public"."User"."updatedAt" FROM "public"."User" WHERE ("public"."User"."email" = $1 AND 1=1) LIMIT $2 OFFSET $3 | Params: ["fail@example.com",1,0] | Duration: 0ms[39m
[2025-10-02 15:34:37] [34mdebug[39m: [34mQuery: INSERT INTO "public"."User" ("id","email","passwordHash","role","createdAt","updatedAt") VALUES ($1,$2,$3,CAST($4::text AS "public"."UserRole"),$5,$6) RETURNING "public"."User"."id", "public"."User"."email", "public"."User"."passwordHash", "public"."User"."name", "public"."User"."role"::text, "public"."User"."createdAt", "public"."User"."updatedAt" | Params: ["cmg95t2qw0003ijd21cw1njsc","fail@example.com","$2b$10$mX5KG0k1ucDfoZBJziTzdeCvoOz/9IV./uGSIhmrT4UGlUfYSlMWa","USER","2025-10-02 08:34:37.737 UTC","2025-10-02 08:34:37.737 UTC"] | Duration: 0ms[39m
[2025-10-02 15:34:37] [34mdebug[39m: [34mQuery: SELECT "public"."User"."id", "public"."User"."email", "public"."User"."passwordHash", "public"."User"."name", "public"."User"."role"::text, "public"."User"."createdAt", "public"."User"."updatedAt" FROM "public"."User" WHERE ("public"."User"."email" = $1 AND 1=1) LIMIT $2 OFFSET $3 | Params: ["fail@example.com",1,0] | Duration: 0ms[39m
[2025-10-02 15:34:37] [34mdebug[39m: [34mQuery: DELETE FROM "public"."Session" WHERE 1=1 | Params: [] | Duration: 0ms[39m
[2025-10-02 15:34:37] [34mdebug[39m: [34mQuery: DELETE FROM "public"."User" WHERE 1=1 | Params: [] | Duration: 0ms[39m
[2025-10-02 15:39:58] [32minfo[39m: [32m[Prisma Info] Starting a postgresql pool with 9 connections.[39m
[2025-10-02 15:39:58] [34mdebug[39m: [34mQuery: DELETE FROM "public"."Session" WHERE 1=1 | Params: [] | Duration: 0ms[39m
[2025-10-02 15:39:58] [34mdebug[39m: [34mQuery: DELETE FROM "public"."User" WHERE 1=1 | Params: [] | Duration: 0ms[39m
[2025-10-02 15:39:58] [34mdebug[39m: [34mQuery: SELECT "public"."User"."id", "public"."User"."email", "public"."User"."passwordHash", "public"."User"."name", "public"."User"."role"::text, "public"."User"."createdAt", "public"."User"."updatedAt" FROM "public"."User" WHERE ("public"."User"."email" = $1 AND 1=1) LIMIT $2 OFFSET $3 | Params: ["test@example.com",1,0] | Duration: 0ms[39m
[2025-10-02 15:39:58] [34mdebug[39m: [34mQuery: INSERT INTO "public"."User" ("id","email","passwordHash","role","createdAt","updatedAt") VALUES ($1,$2,$3,CAST($4::text AS "public"."UserRole"),$5,$6) RETURNING "public"."User"."id", "public"."User"."email", "public"."User"."passwordHash", "public"."User"."name", "public"."User"."role"::text, "public"."User"."createdAt", "public"."User"."updatedAt" | Params: ["cmg95zyev0000ijxlhl36njkl","test@example.com","$2b$10$SvR4YGgH5xLobvtHuhmtP.X5Ffqy7CMyUVdlWZkzvCFxqDf5kpLqm","USER","2025-10-02 08:39:58.711 UTC","2025-10-02 08:39:58.711 UTC"] | Duration: 2ms[39m
[2025-10-02 15:39:58] [34mdebug[39m: [34mQuery: SELECT "public"."User"."id", "public"."User"."email", "public"."User"."passwordHash", "public"."User"."name", "public"."User"."role"::text, "public"."User"."createdAt", "public"."User"."updatedAt" FROM "public"."User" WHERE ("public"."User"."email" = $1 AND 1=1) LIMIT $2 OFFSET $3 | Params: ["test@example.com",1,0] | Duration: 0ms[39m
[2025-10-02 15:39:58] [34mdebug[39m: [34mQuery: INSERT INTO "public"."Session" ("id","userId","refreshToken","expiresAt","createdAt") VALUES ($1,$2,$3,$4,$5) RETURNING "public"."Session"."id", "public"."Session"."userId", "public"."Session"."refreshToken", "public"."Session"."expiresAt", "public"."Session"."createdAt" | Params: ["cmg95zyh20002ijxlk55r1u46","cmg95zyev0000ijxlhl36njkl","eyJhbGciOiJIUzI1NiIsInR5cCI6IkpXVCJ9.eyJzZXNzaW9uIjp0cnVlLCJ1c2VySWQiOiJjbWc5NXp5ZXYwMDAwaWp4bGhsMzZuamtsIiwiaWF0IjoxNzU5Mzk0Mzk4LCJleHAiOjE3NTk5OTkxOTh9.26OH-GBM9i4VVV1Eu7oPFACvEO5mmwoI3GJ61tnMDok","2025-10-09 08:39:58.789 UTC","2025-10-02 08:39:58.790 UTC"] | Duration: 1ms[39m
[2025-10-02 15:39:58] [34mdebug[39m: [34mQuery: SELECT "public"."Session"."id", "public"."Session"."userId", "public"."Session"."refreshToken", "public"."Session"."expiresAt", "public"."Session"."createdAt" FROM "public"."Session" WHERE ("public"."Session"."refreshToken" = $1 AND 1=1) LIMIT $2 OFFSET $3 | Params: ["eyJhbGciOiJIUzI1NiIsInR5cCI6IkpXVCJ9.eyJzZXNzaW9uIjp0cnVlLCJ1c2VySWQiOiJjbWc5NXp5ZXYwMDAwaWp4bGhsMzZuamtsIiwiaWF0IjoxNzU5Mzk0Mzk4LCJleHAiOjE3NTk5OTkxOTh9.26OH-GBM9i4VVV1Eu7oPFACvEO5mmwoI3GJ61tnMDok",1,0] | Duration: 0ms[39m
[2025-10-02 15:39:58] [34mdebug[39m: [34mQuery: DELETE FROM "public"."Session" WHERE 1=1 | Params: [] | Duration: 0ms[39m
[2025-10-02 15:39:58] [34mdebug[39m: [34mQuery: DELETE FROM "public"."User" WHERE 1=1 | Params: [] | Duration: 0ms[39m
[2025-10-02 15:39:58] [34mdebug[39m: [34mQuery: SELECT "public"."User"."id", "public"."User"."email", "public"."User"."passwordHash", "public"."User"."name", "public"."User"."role"::text, "public"."User"."createdAt", "public"."User"."updatedAt" FROM "public"."User" WHERE ("public"."User"."email" = $1 AND 1=1) LIMIT $2 OFFSET $3 | Params: ["fail@example.com",1,0] | Duration: 0ms[39m
[2025-10-02 15:39:58] [34mdebug[39m: [34mQuery: INSERT INTO "public"."User" ("id","email","passwordHash","role","createdAt","updatedAt") VALUES ($1,$2,$3,CAST($4::text AS "public"."UserRole"),$5,$6) RETURNING "public"."User"."id", "public"."User"."email", "public"."User"."passwordHash", "public"."User"."name", "public"."User"."role"::text, "public"."User"."createdAt", "public"."User"."updatedAt" | Params: ["cmg95zyjt0003ijxllzq7gagr","fail@example.com","$2b$10$KnC2bGyPujapogsydMChFOVn7bvD.Dujdet5IxLdcN8zlJ8FkGwMi","USER","2025-10-02 08:39:58.889 UTC","2025-10-02 08:39:58.889 UTC"] | Duration: 1ms[39m
[2025-10-02 15:39:58] [34mdebug[39m: [34mQuery: SELECT "public"."User"."id", "public"."User"."email", "public"."User"."passwordHash", "public"."User"."name", "public"."User"."role"::text, "public"."User"."createdAt", "public"."User"."updatedAt" FROM "public"."User" WHERE ("public"."User"."email" = $1 AND 1=1) LIMIT $2 OFFSET $3 | Params: ["fail@example.com",1,0] | Duration: 0ms[39m
[2025-10-02 15:39:58] [34mdebug[39m: [34mQuery: DELETE FROM "public"."Session" WHERE 1=1 | Params: [] | Duration: 0ms[39m
[2025-10-02 15:39:58] [34mdebug[39m: [34mQuery: DELETE FROM "public"."User" WHERE 1=1 | Params: [] | Duration: 0ms[39m
[2025-10-02 15:43:19] [32minfo[39m: [32m[Prisma Info] Starting a postgresql pool with 9 connections.[39m
[2025-10-02 15:43:19] [34mdebug[39m: [34mQuery: DELETE FROM "public"."Session" WHERE 1=1 | Params: [] | Duration: 0ms[39m
[2025-10-02 15:43:19] [34mdebug[39m: [34mQuery: DELETE FROM "public"."User" WHERE 1=1 | Params: [] | Duration: 0ms[39m
[2025-10-02 15:43:19] [34mdebug[39m: [34mQuery: SELECT "public"."User"."id", "public"."User"."email", "public"."User"."passwordHash", "public"."User"."name", "public"."User"."role"::text, "public"."User"."createdAt", "public"."User"."updatedAt" FROM "public"."User" WHERE ("public"."User"."email" = $1 AND 1=1) LIMIT $2 OFFSET $3 | Params: ["test@example.com",1,0] | Duration: 0ms[39m
[2025-10-02 15:43:19] [34mdebug[39m: [34mQuery: INSERT INTO "public"."User" ("id","email","passwordHash","role","createdAt","updatedAt") VALUES ($1,$2,$3,CAST($4::text AS "public"."UserRole"),$5,$6) RETURNING "public"."User"."id", "public"."User"."email", "public"."User"."passwordHash", "public"."User"."name", "public"."User"."role"::text, "public"."User"."createdAt", "public"."User"."updatedAt" | Params: ["cmg9649mj0000ijtqjhrx44sg","test@example.com","$2b$10$4SaeQdTG3SMXqvI/ie.qYO9nsC/Kjnu4xNJeBZlKn.izNxek7jZt6","USER","2025-10-02 08:43:19.868 UTC","2025-10-02 08:43:19.868 UTC"] | Duration: 2ms[39m
[2025-10-02 15:43:19] [34mdebug[39m: [34mQuery: SELECT "public"."User"."id", "public"."User"."email", "public"."User"."passwordHash", "public"."User"."name", "public"."User"."role"::text, "public"."User"."createdAt", "public"."User"."updatedAt" FROM "public"."User" WHERE ("public"."User"."email" = $1 AND 1=1) LIMIT $2 OFFSET $3 | Params: ["test@example.com",1,0] | Duration: 0ms[39m
[2025-10-02 15:43:19] [34mdebug[39m: [34mQuery: INSERT INTO "public"."Session" ("id","userId","refreshToken","expiresAt","createdAt") VALUES ($1,$2,$3,$4,$5) RETURNING "public"."Session"."id", "public"."Session"."userId", "public"."Session"."refreshToken", "public"."Session"."expiresAt", "public"."Session"."createdAt" | Params: ["cmg9649ot0002ijtq55sun84r","cmg9649mj0000ijtqjhrx44sg","eyJhbGciOiJIUzI1NiIsInR5cCI6IkpXVCJ9.eyJzZXNzaW9uIjp0cnVlLCJ1c2VySWQiOiJjbWc5NjQ5bWowMDAwaWp0cWpocng0NHNnIiwiaWF0IjoxNzU5Mzk0NTk5LCJleHAiOjE3NTk5OTkzOTl9._kcghsbAVSZsbDHEjDwoUei86jc9yQXJ6_S-e7wj1kQ","2025-10-09 08:43:19.948 UTC","2025-10-02 08:43:19.950 UTC"] | Duration: 1ms[39m
[2025-10-02 15:43:20] [34mdebug[39m: [34mQuery: SELECT "public"."Session"."id", "public"."Session"."userId", "public"."Session"."refreshToken", "public"."Session"."expiresAt", "public"."Session"."createdAt" FROM "public"."Session" WHERE ("public"."Session"."refreshToken" = $1 AND 1=1) LIMIT $2 OFFSET $3 | Params: ["eyJhbGciOiJIUzI1NiIsInR5cCI6IkpXVCJ9.eyJzZXNzaW9uIjp0cnVlLCJ1c2VySWQiOiJjbWc5NjQ5bWowMDAwaWp0cWpocng0NHNnIiwiaWF0IjoxNzU5Mzk0NTk5LCJleHAiOjE3NTk5OTkzOTl9._kcghsbAVSZsbDHEjDwoUei86jc9yQXJ6_S-e7wj1kQ",1,0] | Duration: 0ms[39m
[2025-10-02 15:43:20] [34mdebug[39m: [34mQuery: DELETE FROM "public"."Session" WHERE ("public"."Session"."refreshToken" = $1 AND 1=1) RETURNING "public"."Session"."id", "public"."Session"."userId", "public"."Session"."refreshToken", "public"."Session"."expiresAt", "public"."Session"."createdAt" | Params: ["eyJhbGciOiJIUzI1NiIsInR5cCI6IkpXVCJ9.eyJzZXNzaW9uIjp0cnVlLCJ1c2VySWQiOiJjbWc5NjQ5bWowMDAwaWp0cWpocng0NHNnIiwiaWF0IjoxNzU5Mzk0NTk5LCJleHAiOjE3NTk5OTkzOTl9._kcghsbAVSZsbDHEjDwoUei86jc9yQXJ6_S-e7wj1kQ"] | Duration: 2ms[39m
[2025-10-02 15:43:20] [34mdebug[39m: [34mQuery: SELECT "public"."Session"."id", "public"."Session"."userId", "public"."Session"."refreshToken", "public"."Session"."expiresAt", "public"."Session"."createdAt" FROM "public"."Session" WHERE ("public"."Session"."refreshToken" = $1 AND 1=1) LIMIT $2 OFFSET $3 | Params: ["eyJhbGciOiJIUzI1NiIsInR5cCI6IkpXVCJ9.eyJzZXNzaW9uIjp0cnVlLCJ1c2VySWQiOiJjbWc5NjQ5bWowMDAwaWp0cWpocng0NHNnIiwiaWF0IjoxNzU5Mzk0NTk5LCJleHAiOjE3NTk5OTkzOTl9._kcghsbAVSZsbDHEjDwoUei86jc9yQXJ6_S-e7wj1kQ",1,0] | Duration: 0ms[39m
[2025-10-02 15:43:20] [34mdebug[39m: [34mQuery: DELETE FROM "public"."Session" WHERE 1=1 | Params: [] | Duration: 0ms[39m
[2025-10-02 15:43:20] [34mdebug[39m: [34mQuery: DELETE FROM "public"."User" WHERE 1=1 | Params: [] | Duration: 1ms[39m
[2025-10-02 15:43:20] [34mdebug[39m: [34mQuery: SELECT "public"."User"."id", "public"."User"."email", "public"."User"."passwordHash", "public"."User"."name", "public"."User"."role"::text, "public"."User"."createdAt", "public"."User"."updatedAt" FROM "public"."User" WHERE ("public"."User"."email" = $1 AND 1=1) LIMIT $2 OFFSET $3 | Params: ["fail@example.com",1,0] | Duration: 0ms[39m
[2025-10-02 15:43:21] [34mdebug[39m: [34mQuery: INSERT INTO "public"."User" ("id","email","passwordHash","role","createdAt","updatedAt") VALUES ($1,$2,$3,CAST($4::text AS "public"."UserRole"),$5,$6) RETURNING "public"."User"."id", "public"."User"."email", "public"."User"."passwordHash", "public"."User"."name", "public"."User"."role"::text, "public"."User"."createdAt", "public"."User"."updatedAt" | Params: ["cmg964aj30003ijtqo7vrdeii","fail@example.com","$2b$10$DAGHLUasBNylu79Pg6Sg0uWEd/oBl3kMhvbTeEW41nrHQG5lSRlMe","USER","2025-10-02 08:43:21.039 UTC","2025-10-02 08:43:21.039 UTC"] | Duration: 0ms[39m
[2025-10-02 15:43:21] [34mdebug[39m: [34mQuery: SELECT "public"."User"."id", "public"."User"."email", "public"."User"."passwordHash", "public"."User"."name", "public"."User"."role"::text, "public"."User"."createdAt", "public"."User"."updatedAt" FROM "public"."User" WHERE ("public"."User"."email" = $1 AND 1=1) LIMIT $2 OFFSET $3 | Params: ["fail@example.com",1,0] | Duration: 0ms[39m
[2025-10-02 15:43:21] [34mdebug[39m: [34mQuery: DELETE FROM "public"."Session" WHERE 1=1 | Params: [] | Duration: 0ms[39m
[2025-10-02 15:43:21] [34mdebug[39m: [34mQuery: DELETE FROM "public"."User" WHERE 1=1 | Params: [] | Duration: 1ms[39m
